2025-11-02T18:10:17.570-03:00  INFO 18564 --- [usuarios] [main] g.usuarios.UsuariosApplication           : Starting UsuariosApplication using Java 17.0.12 with PID 18564 (C:\Users\twitc\Documents\GitHub\Grupo08-Jara-Concha-Peralta\usuarios\target\classes started by twitc in C:\Users\twitc\Documents\GitHub\Grupo08-Jara-Concha-Peralta\usuarios)
2025-11-02T18:10:17.579-03:00  INFO 18564 --- [usuarios] [main] g.usuarios.UsuariosApplication           : No active profile set, falling back to 1 default profile: "default"
2025-11-02T18:10:17.994-03:00  INFO 18564 --- [usuarios] [main] .s.d.r.c.RepositoryConfigurationDelegate : Bootstrapping Spring Data JPA repositories in DEFAULT mode.
2025-11-02T18:10:18.038-03:00  INFO 18564 --- [usuarios] [main] .s.d.r.c.RepositoryConfigurationDelegate : Finished Spring Data repository scanning in 32 ms. Found 2 JPA repository interfaces.
2025-11-02T18:10:18.682-03:00  INFO 18564 --- [usuarios] [main] o.s.b.w.embedded.tomcat.TomcatWebServer  : Tomcat initialized with port 8180 (http)
2025-11-02T18:10:18.694-03:00  INFO 18564 --- [usuarios] [main] o.apache.catalina.core.StandardService   : Starting service [Tomcat]
2025-11-02T18:10:18.694-03:00  INFO 18564 --- [usuarios] [main] o.apache.catalina.core.StandardEngine    : Starting Servlet engine: [Apache Tomcat/10.1.46]
2025-11-02T18:10:18.856-03:00  INFO 18564 --- [usuarios] [main] o.a.c.c.C.[Tomcat].[localhost].[/]       : Initializing Spring embedded WebApplicationContext
2025-11-02T18:10:18.856-03:00  INFO 18564 --- [usuarios] [main] w.s.c.ServletWebServerApplicationContext : Root WebApplicationContext: initialization completed in 1220 ms
2025-11-02T18:10:19.001-03:00  INFO 18564 --- [usuarios] [main] o.hibernate.jpa.internal.util.LogHelper  : HHH000204: Processing PersistenceUnitInfo [name: default]
2025-11-02T18:10:19.044-03:00  INFO 18564 --- [usuarios] [main] org.hibernate.Version                    : HHH000412: Hibernate ORM core version 6.6.29.Final
2025-11-02T18:10:19.077-03:00  INFO 18564 --- [usuarios] [main] o.h.c.internal.RegionFactoryInitiator    : HHH000026: Second-level cache disabled
2025-11-02T18:10:19.355-03:00  INFO 18564 --- [usuarios] [main] o.s.o.j.p.SpringPersistenceUnitInfo      : No LoadTimeWeaver setup: ignoring JPA class transformer
2025-11-02T18:10:19.378-03:00  INFO 18564 --- [usuarios] [main] com.zaxxer.hikari.HikariDataSource       : HikariPool-1 - Starting...
2025-11-02T18:10:19.670-03:00  INFO 18564 --- [usuarios] [main] com.zaxxer.hikari.pool.HikariPool        : HikariPool-1 - Added connection com.mysql.cj.jdbc.ConnectionImpl@e4b54d3
2025-11-02T18:10:19.671-03:00  INFO 18564 --- [usuarios] [main] com.zaxxer.hikari.HikariDataSource       : HikariPool-1 - Start completed.
2025-11-02T18:10:19.716-03:00  WARN 18564 --- [usuarios] [main] org.hibernate.orm.deprecation            : HHH90000025: MySQL8Dialect does not need to be specified explicitly using 'hibernate.dialect' (remove the property setting and it will be selected by default)
2025-11-02T18:10:19.717-03:00  WARN 18564 --- [usuarios] [main] org.hibernate.orm.deprecation            : HHH90000026: MySQL8Dialect has been deprecated; use org.hibernate.dialect.MySQLDialect instead
2025-11-02T18:10:19.732-03:00  INFO 18564 --- [usuarios] [main] org.hibernate.orm.connections.pooling    : HHH10001005: Database info:
	Database JDBC URL [Connecting through datasource 'HikariDataSource (HikariPool-1)']
	Database driver: undefined/unknown
	Database version: 8.0
	Autocommit mode: undefined/unknown
	Isolation level: undefined/unknown
	Minimum pool size: undefined/unknown
	Maximum pool size: undefined/unknown
2025-11-02T18:10:20.524-03:00  INFO 18564 --- [usuarios] [main] o.h.e.t.j.p.i.JtaPlatformInitiator       : HHH000489: No JTA platform available (set 'hibernate.transaction.jta.platform' to enable JTA platform integration)
2025-11-02T18:10:20.766-03:00  INFO 18564 --- [usuarios] [main] j.LocalContainerEntityManagerFactoryBean : Initialized JPA EntityManagerFactory for persistence unit 'default'
2025-11-02T18:10:21.068-03:00  INFO 18564 --- [usuarios] [main] eAuthenticationProviderManagerConfigurer : Global AuthenticationManager configured with AuthenticationProvider bean with name authenticationProvider
2025-11-02T18:10:21.069-03:00  WARN 18564 --- [usuarios] [main] r$InitializeUserDetailsManagerConfigurer : Global AuthenticationManager configured with an AuthenticationProvider bean. UserDetailsService beans will not be used by Spring Security for automatically configuring username/password login. Consider removing the AuthenticationProvider bean. Alternatively, consider using the UserDetailsService in a manually instantiated DaoAuthenticationProvider. If the current configuration is intentional, to turn off this warning, increase the logging level of 'org.springframework.security.config.annotation.authentication.configuration.InitializeUserDetailsBeanManagerConfigurer' to ERROR
2025-11-02T18:10:21.086-03:00  WARN 18564 --- [usuarios] [main] JpaBaseConfiguration$JpaWebConfiguration : spring.jpa.open-in-view is enabled by default. Therefore, database queries may be performed during view rendering. Explicitly configure spring.jpa.open-in-view to disable this warning
2025-11-02T18:10:21.519-03:00  INFO 18564 --- [usuarios] [main] o.s.b.w.embedded.tomcat.TomcatWebServer  : Tomcat started on port 8180 (http) with context path '/'
2025-11-02T18:10:21.529-03:00  INFO 18564 --- [usuarios] [main] g.usuarios.UsuariosApplication           : Started UsuariosApplication in 4.317 seconds (process running for 4.59)
2025-11-02T18:13:50.865-03:00  INFO 18564 --- [usuarios] [http-nio-8180-exec-1] o.a.c.c.C.[Tomcat].[localhost].[/]       : Initializing Spring DispatcherServlet 'dispatcherServlet'
2025-11-02T18:13:50.866-03:00  INFO 18564 --- [usuarios] [http-nio-8180-exec-1] o.s.web.servlet.DispatcherServlet        : Initializing Servlet 'dispatcherServlet'
2025-11-02T18:13:50.868-03:00  INFO 18564 --- [usuarios] [http-nio-8180-exec-1] o.s.web.servlet.DispatcherServlet        : Completed initialization in 2 ms
2025-11-02T18:20:21.247-03:00  INFO 23244 --- [usuarios] [main] g.usuarios.UsuariosApplication           : Starting UsuariosApplication using Java 17.0.12 with PID 23244 (C:\Users\twitc\Documents\GitHub\Grupo08-Jara-Concha-Peralta\usuarios\target\classes started by twitc in C:\Users\twitc\Documents\GitHub\Grupo08-Jara-Concha-Peralta\usuarios)
2025-11-02T18:20:21.253-03:00  INFO 23244 --- [usuarios] [main] g.usuarios.UsuariosApplication           : No active profile set, falling back to 1 default profile: "default"
2025-11-02T18:20:21.891-03:00  INFO 23244 --- [usuarios] [main] .s.d.r.c.RepositoryConfigurationDelegate : Bootstrapping Spring Data JPA repositories in DEFAULT mode.
2025-11-02T18:20:21.928-03:00  INFO 23244 --- [usuarios] [main] .s.d.r.c.RepositoryConfigurationDelegate : Finished Spring Data repository scanning in 30 ms. Found 2 JPA repository interfaces.
2025-11-02T18:20:22.663-03:00  INFO 23244 --- [usuarios] [main] o.s.b.w.embedded.tomcat.TomcatWebServer  : Tomcat initialized with port 8180 (http)
2025-11-02T18:20:22.676-03:00  INFO 23244 --- [usuarios] [main] o.apache.catalina.core.StandardService   : Starting service [Tomcat]
2025-11-02T18:20:22.676-03:00  INFO 23244 --- [usuarios] [main] o.apache.catalina.core.StandardEngine    : Starting Servlet engine: [Apache Tomcat/10.1.46]
2025-11-02T18:20:22.730-03:00  INFO 23244 --- [usuarios] [main] o.a.c.c.C.[Tomcat].[localhost].[/]       : Initializing Spring embedded WebApplicationContext
2025-11-02T18:20:22.731-03:00  INFO 23244 --- [usuarios] [main] w.s.c.ServletWebServerApplicationContext : Root WebApplicationContext: initialization completed in 1330 ms
2025-11-02T18:20:22.853-03:00  INFO 23244 --- [usuarios] [main] o.hibernate.jpa.internal.util.LogHelper  : HHH000204: Processing PersistenceUnitInfo [name: default]
2025-11-02T18:20:22.885-03:00  INFO 23244 --- [usuarios] [main] org.hibernate.Version                    : HHH000412: Hibernate ORM core version 6.6.29.Final
2025-11-02T18:20:22.908-03:00  INFO 23244 --- [usuarios] [main] o.h.c.internal.RegionFactoryInitiator    : HHH000026: Second-level cache disabled
2025-11-02T18:20:23.111-03:00  INFO 23244 --- [usuarios] [main] o.s.o.j.p.SpringPersistenceUnitInfo      : No LoadTimeWeaver setup: ignoring JPA class transformer
2025-11-02T18:20:23.143-03:00  INFO 23244 --- [usuarios] [main] com.zaxxer.hikari.HikariDataSource       : HikariPool-1 - Starting...
2025-11-02T18:20:23.402-03:00  INFO 23244 --- [usuarios] [main] com.zaxxer.hikari.pool.HikariPool        : HikariPool-1 - Added connection com.mysql.cj.jdbc.ConnectionImpl@6ebbc06
2025-11-02T18:20:23.404-03:00  INFO 23244 --- [usuarios] [main] com.zaxxer.hikari.HikariDataSource       : HikariPool-1 - Start completed.
2025-11-02T18:20:23.432-03:00  WARN 23244 --- [usuarios] [main] org.hibernate.orm.deprecation            : HHH90000025: MySQL8Dialect does not need to be specified explicitly using 'hibernate.dialect' (remove the property setting and it will be selected by default)
2025-11-02T18:20:23.434-03:00  WARN 23244 --- [usuarios] [main] org.hibernate.orm.deprecation            : HHH90000026: MySQL8Dialect has been deprecated; use org.hibernate.dialect.MySQLDialect instead
2025-11-02T18:20:23.447-03:00  INFO 23244 --- [usuarios] [main] org.hibernate.orm.connections.pooling    : HHH10001005: Database info:
	Database JDBC URL [Connecting through datasource 'HikariDataSource (HikariPool-1)']
	Database driver: undefined/unknown
	Database version: 8.0
	Autocommit mode: undefined/unknown
	Isolation level: undefined/unknown
	Minimum pool size: undefined/unknown
	Maximum pool size: undefined/unknown
2025-11-02T18:20:24.132-03:00  INFO 23244 --- [usuarios] [main] o.h.e.t.j.p.i.JtaPlatformInitiator       : HHH000489: No JTA platform available (set 'hibernate.transaction.jta.platform' to enable JTA platform integration)
2025-11-02T18:20:24.197-03:00  INFO 23244 --- [usuarios] [main] j.LocalContainerEntityManagerFactoryBean : Initialized JPA EntityManagerFactory for persistence unit 'default'
2025-11-02T18:20:24.474-03:00  INFO 23244 --- [usuarios] [main] eAuthenticationProviderManagerConfigurer : Global AuthenticationManager configured with AuthenticationProvider bean with name authenticationProvider
2025-11-02T18:20:24.475-03:00  WARN 23244 --- [usuarios] [main] r$InitializeUserDetailsManagerConfigurer : Global AuthenticationManager configured with an AuthenticationProvider bean. UserDetailsService beans will not be used by Spring Security for automatically configuring username/password login. Consider removing the AuthenticationProvider bean. Alternatively, consider using the UserDetailsService in a manually instantiated DaoAuthenticationProvider. If the current configuration is intentional, to turn off this warning, increase the logging level of 'org.springframework.security.config.annotation.authentication.configuration.InitializeUserDetailsBeanManagerConfigurer' to ERROR
2025-11-02T18:20:24.495-03:00  WARN 23244 --- [usuarios] [main] JpaBaseConfiguration$JpaWebConfiguration : spring.jpa.open-in-view is enabled by default. Therefore, database queries may be performed during view rendering. Explicitly configure spring.jpa.open-in-view to disable this warning
2025-11-02T18:20:24.973-03:00  WARN 23244 --- [usuarios] [main] ConfigServletWebServerApplicationContext : Exception encountered during context initialization - cancelling refresh attempt: org.springframework.context.ApplicationContextException: Failed to start bean 'webServerStartStop'
2025-11-02T18:20:24.975-03:00  INFO 23244 --- [usuarios] [main] j.LocalContainerEntityManagerFactoryBean : Closing JPA EntityManagerFactory for persistence unit 'default'
2025-11-02T18:20:24.976-03:00  INFO 23244 --- [usuarios] [main] com.zaxxer.hikari.HikariDataSource       : HikariPool-1 - Shutdown initiated...
2025-11-02T18:20:24.982-03:00  INFO 23244 --- [usuarios] [main] com.zaxxer.hikari.HikariDataSource       : HikariPool-1 - Shutdown completed.
2025-11-02T18:20:24.994-03:00  INFO 23244 --- [usuarios] [main] .s.b.a.l.ConditionEvaluationReportLogger : 

Error starting ApplicationContext. To display the condition evaluation report re-run your application with 'debug' enabled.
2025-11-02T18:20:25.009-03:00 ERROR 23244 --- [usuarios] [main] o.s.b.d.LoggingFailureAnalysisReporter   : 

***************************
APPLICATION FAILED TO START
***************************

Description:

Web server failed to start. Port 8180 was already in use.

Action:

Identify and stop the process that's listening on port 8180 or configure this application to listen on another port.

2025-11-02T18:28:43.681-03:00  INFO 6948 --- [usuarios] [main] g.usuarios.UsuariosApplication           : Starting UsuariosApplication using Java 17.0.12 with PID 6948 (C:\Users\twitc\Documents\GitHub\Grupo08-Jara-Concha-Peralta\usuarios\target\classes started by twitc in C:\Users\twitc\Documents\GitHub\Grupo08-Jara-Concha-Peralta\usuarios)
2025-11-02T18:28:43.685-03:00  INFO 6948 --- [usuarios] [main] g.usuarios.UsuariosApplication           : No active profile set, falling back to 1 default profile: "default"
2025-11-02T18:28:44.163-03:00  INFO 6948 --- [usuarios] [main] .s.d.r.c.RepositoryConfigurationDelegate : Bootstrapping Spring Data JPA repositories in DEFAULT mode.
2025-11-02T18:28:44.206-03:00  INFO 6948 --- [usuarios] [main] .s.d.r.c.RepositoryConfigurationDelegate : Finished Spring Data repository scanning in 33 ms. Found 2 JPA repository interfaces.
2025-11-02T18:28:44.874-03:00  INFO 6948 --- [usuarios] [main] o.s.b.w.embedded.tomcat.TomcatWebServer  : Tomcat initialized with port 8180 (http)
2025-11-02T18:28:44.887-03:00  INFO 6948 --- [usuarios] [main] o.apache.catalina.core.StandardService   : Starting service [Tomcat]
2025-11-02T18:28:44.888-03:00  INFO 6948 --- [usuarios] [main] o.apache.catalina.core.StandardEngine    : Starting Servlet engine: [Apache Tomcat/10.1.46]
2025-11-02T18:28:44.938-03:00  INFO 6948 --- [usuarios] [main] o.a.c.c.C.[Tomcat].[localhost].[/]       : Initializing Spring embedded WebApplicationContext
2025-11-02T18:28:44.938-03:00  INFO 6948 --- [usuarios] [main] w.s.c.ServletWebServerApplicationContext : Root WebApplicationContext: initialization completed in 1203 ms
2025-11-02T18:28:45.075-03:00  INFO 6948 --- [usuarios] [main] o.hibernate.jpa.internal.util.LogHelper  : HHH000204: Processing PersistenceUnitInfo [name: default]
2025-11-02T18:28:45.133-03:00  INFO 6948 --- [usuarios] [main] org.hibernate.Version                    : HHH000412: Hibernate ORM core version 6.6.29.Final
2025-11-02T18:28:45.168-03:00  INFO 6948 --- [usuarios] [main] o.h.c.internal.RegionFactoryInitiator    : HHH000026: Second-level cache disabled
2025-11-02T18:28:45.411-03:00  INFO 6948 --- [usuarios] [main] o.s.o.j.p.SpringPersistenceUnitInfo      : No LoadTimeWeaver setup: ignoring JPA class transformer
2025-11-02T18:28:45.439-03:00  INFO 6948 --- [usuarios] [main] com.zaxxer.hikari.HikariDataSource       : HikariPool-1 - Starting...
2025-11-02T18:28:45.723-03:00  INFO 6948 --- [usuarios] [main] com.zaxxer.hikari.pool.HikariPool        : HikariPool-1 - Added connection com.mysql.cj.jdbc.ConnectionImpl@341ccfd1
2025-11-02T18:28:45.725-03:00  INFO 6948 --- [usuarios] [main] com.zaxxer.hikari.HikariDataSource       : HikariPool-1 - Start completed.
2025-11-02T18:28:45.769-03:00  WARN 6948 --- [usuarios] [main] org.hibernate.orm.deprecation            : HHH90000025: MySQL8Dialect does not need to be specified explicitly using 'hibernate.dialect' (remove the property setting and it will be selected by default)
2025-11-02T18:28:45.771-03:00  WARN 6948 --- [usuarios] [main] org.hibernate.orm.deprecation            : HHH90000026: MySQL8Dialect has been deprecated; use org.hibernate.dialect.MySQLDialect instead
2025-11-02T18:28:45.783-03:00  INFO 6948 --- [usuarios] [main] org.hibernate.orm.connections.pooling    : HHH10001005: Database info:
	Database JDBC URL [Connecting through datasource 'HikariDataSource (HikariPool-1)']
	Database driver: undefined/unknown
	Database version: 8.0
	Autocommit mode: undefined/unknown
	Isolation level: undefined/unknown
	Minimum pool size: undefined/unknown
	Maximum pool size: undefined/unknown
2025-11-02T18:28:46.542-03:00  INFO 6948 --- [usuarios] [main] o.h.e.t.j.p.i.JtaPlatformInitiator       : HHH000489: No JTA platform available (set 'hibernate.transaction.jta.platform' to enable JTA platform integration)
2025-11-02T18:28:46.608-03:00  INFO 6948 --- [usuarios] [main] j.LocalContainerEntityManagerFactoryBean : Initialized JPA EntityManagerFactory for persistence unit 'default'
2025-11-02T18:28:46.902-03:00  INFO 6948 --- [usuarios] [main] eAuthenticationProviderManagerConfigurer : Global AuthenticationManager configured with AuthenticationProvider bean with name authenticationProvider
2025-11-02T18:28:46.902-03:00  WARN 6948 --- [usuarios] [main] r$InitializeUserDetailsManagerConfigurer : Global AuthenticationManager configured with an AuthenticationProvider bean. UserDetailsService beans will not be used by Spring Security for automatically configuring username/password login. Consider removing the AuthenticationProvider bean. Alternatively, consider using the UserDetailsService in a manually instantiated DaoAuthenticationProvider. If the current configuration is intentional, to turn off this warning, increase the logging level of 'org.springframework.security.config.annotation.authentication.configuration.InitializeUserDetailsBeanManagerConfigurer' to ERROR
2025-11-02T18:28:46.925-03:00  WARN 6948 --- [usuarios] [main] JpaBaseConfiguration$JpaWebConfiguration : spring.jpa.open-in-view is enabled by default. Therefore, database queries may be performed during view rendering. Explicitly configure spring.jpa.open-in-view to disable this warning
2025-11-02T18:28:47.394-03:00  INFO 6948 --- [usuarios] [main] o.s.b.w.embedded.tomcat.TomcatWebServer  : Tomcat started on port 8180 (http) with context path '/'
2025-11-02T18:28:47.402-03:00  INFO 6948 --- [usuarios] [main] g.usuarios.UsuariosApplication           : Started UsuariosApplication in 4.102 seconds (process running for 4.383)
2025-11-02T18:29:03.056-03:00  INFO 6948 --- [usuarios] [http-nio-8180-exec-2] o.a.c.c.C.[Tomcat].[localhost].[/]       : Initializing Spring DispatcherServlet 'dispatcherServlet'
2025-11-02T18:29:03.056-03:00  INFO 6948 --- [usuarios] [http-nio-8180-exec-2] o.s.web.servlet.DispatcherServlet        : Initializing Servlet 'dispatcherServlet'
2025-11-02T18:29:03.057-03:00  INFO 6948 --- [usuarios] [http-nio-8180-exec-2] o.s.web.servlet.DispatcherServlet        : Completed initialization in 1 ms
2025-11-02T18:36:36.047-03:00  INFO 6948 --- [usuarios] [SpringApplicationShutdownHook] o.s.b.w.e.tomcat.GracefulShutdown        : Commencing graceful shutdown. Waiting for active requests to complete
2025-11-02T18:36:36.205-03:00  INFO 6948 --- [usuarios] [tomcat-shutdown] o.s.b.w.e.tomcat.GracefulShutdown        : Graceful shutdown complete
2025-11-02T18:36:36.208-03:00  INFO 6948 --- [usuarios] [SpringApplicationShutdownHook] j.LocalContainerEntityManagerFactoryBean : Closing JPA EntityManagerFactory for persistence unit 'default'
2025-11-02T18:36:36.210-03:00  INFO 6948 --- [usuarios] [SpringApplicationShutdownHook] com.zaxxer.hikari.HikariDataSource       : HikariPool-1 - Shutdown initiated...
2025-11-02T18:36:36.214-03:00  INFO 6948 --- [usuarios] [SpringApplicationShutdownHook] com.zaxxer.hikari.HikariDataSource       : HikariPool-1 - Shutdown completed.
2025-11-02T18:37:11.172-03:00  INFO 8332 --- [usuarios] [main] g.usuarios.UsuariosApplication           : Starting UsuariosApplication using Java 17.0.12 with PID 8332 (C:\Users\twitc\Documents\GitHub\Grupo08-Jara-Concha-Peralta\usuarios\target\classes started by twitc in C:\Users\twitc\Documents\GitHub\Grupo08-Jara-Concha-Peralta\usuarios)
2025-11-02T18:37:11.175-03:00  INFO 8332 --- [usuarios] [main] g.usuarios.UsuariosApplication           : No active profile set, falling back to 1 default profile: "default"
2025-11-02T18:37:11.646-03:00  INFO 8332 --- [usuarios] [main] .s.d.r.c.RepositoryConfigurationDelegate : Bootstrapping Spring Data JPA repositories in DEFAULT mode.
2025-11-02T18:37:11.723-03:00  INFO 8332 --- [usuarios] [main] .s.d.r.c.RepositoryConfigurationDelegate : Finished Spring Data repository scanning in 68 ms. Found 2 JPA repository interfaces.
2025-11-02T18:37:12.313-03:00  INFO 8332 --- [usuarios] [main] o.s.b.w.embedded.tomcat.TomcatWebServer  : Tomcat initialized with port 8180 (http)
2025-11-02T18:37:12.323-03:00  INFO 8332 --- [usuarios] [main] o.apache.catalina.core.StandardService   : Starting service [Tomcat]
2025-11-02T18:37:12.324-03:00  INFO 8332 --- [usuarios] [main] o.apache.catalina.core.StandardEngine    : Starting Servlet engine: [Apache Tomcat/10.1.46]
2025-11-02T18:37:12.367-03:00  INFO 8332 --- [usuarios] [main] o.a.c.c.C.[Tomcat].[localhost].[/]       : Initializing Spring embedded WebApplicationContext
2025-11-02T18:37:12.368-03:00  INFO 8332 --- [usuarios] [main] w.s.c.ServletWebServerApplicationContext : Root WebApplicationContext: initialization completed in 1147 ms
2025-11-02T18:37:12.488-03:00  INFO 8332 --- [usuarios] [main] o.hibernate.jpa.internal.util.LogHelper  : HHH000204: Processing PersistenceUnitInfo [name: default]
2025-11-02T18:37:12.524-03:00  INFO 8332 --- [usuarios] [main] org.hibernate.Version                    : HHH000412: Hibernate ORM core version 6.6.29.Final
2025-11-02T18:37:12.549-03:00  INFO 8332 --- [usuarios] [main] o.h.c.internal.RegionFactoryInitiator    : HHH000026: Second-level cache disabled
2025-11-02T18:37:12.728-03:00  INFO 8332 --- [usuarios] [main] o.s.o.j.p.SpringPersistenceUnitInfo      : No LoadTimeWeaver setup: ignoring JPA class transformer
2025-11-02T18:37:12.752-03:00  INFO 8332 --- [usuarios] [main] com.zaxxer.hikari.HikariDataSource       : HikariPool-1 - Starting...
2025-11-02T18:37:13.011-03:00  INFO 8332 --- [usuarios] [main] com.zaxxer.hikari.pool.HikariPool        : HikariPool-1 - Added connection com.mysql.cj.jdbc.ConnectionImpl@50672905
2025-11-02T18:37:13.013-03:00  INFO 8332 --- [usuarios] [main] com.zaxxer.hikari.HikariDataSource       : HikariPool-1 - Start completed.
2025-11-02T18:37:13.044-03:00  WARN 8332 --- [usuarios] [main] org.hibernate.orm.deprecation            : HHH90000025: MySQL8Dialect does not need to be specified explicitly using 'hibernate.dialect' (remove the property setting and it will be selected by default)
2025-11-02T18:37:13.045-03:00  WARN 8332 --- [usuarios] [main] org.hibernate.orm.deprecation            : HHH90000026: MySQL8Dialect has been deprecated; use org.hibernate.dialect.MySQLDialect instead
2025-11-02T18:37:13.060-03:00  INFO 8332 --- [usuarios] [main] org.hibernate.orm.connections.pooling    : HHH10001005: Database info:
	Database JDBC URL [Connecting through datasource 'HikariDataSource (HikariPool-1)']
	Database driver: undefined/unknown
	Database version: 8.0
	Autocommit mode: undefined/unknown
	Isolation level: undefined/unknown
	Minimum pool size: undefined/unknown
	Maximum pool size: undefined/unknown
2025-11-02T18:37:13.756-03:00  INFO 8332 --- [usuarios] [main] o.h.e.t.j.p.i.JtaPlatformInitiator       : HHH000489: No JTA platform available (set 'hibernate.transaction.jta.platform' to enable JTA platform integration)
2025-11-02T18:37:13.837-03:00  INFO 8332 --- [usuarios] [main] j.LocalContainerEntityManagerFactoryBean : Initialized JPA EntityManagerFactory for persistence unit 'default'
2025-11-02T18:37:14.128-03:00  INFO 8332 --- [usuarios] [main] eAuthenticationProviderManagerConfigurer : Global AuthenticationManager configured with AuthenticationProvider bean with name authenticationProvider
2025-11-02T18:37:14.128-03:00  WARN 8332 --- [usuarios] [main] r$InitializeUserDetailsManagerConfigurer : Global AuthenticationManager configured with an AuthenticationProvider bean. UserDetailsService beans will not be used by Spring Security for automatically configuring username/password login. Consider removing the AuthenticationProvider bean. Alternatively, consider using the UserDetailsService in a manually instantiated DaoAuthenticationProvider. If the current configuration is intentional, to turn off this warning, increase the logging level of 'org.springframework.security.config.annotation.authentication.configuration.InitializeUserDetailsBeanManagerConfigurer' to ERROR
2025-11-02T18:37:14.150-03:00  WARN 8332 --- [usuarios] [main] JpaBaseConfiguration$JpaWebConfiguration : spring.jpa.open-in-view is enabled by default. Therefore, database queries may be performed during view rendering. Explicitly configure spring.jpa.open-in-view to disable this warning
2025-11-02T18:37:14.586-03:00  INFO 8332 --- [usuarios] [main] o.s.b.w.embedded.tomcat.TomcatWebServer  : Tomcat started on port 8180 (http) with context path '/'
2025-11-02T18:37:14.592-03:00  INFO 8332 --- [usuarios] [main] g.usuarios.UsuariosApplication           : Started UsuariosApplication in 3.759 seconds (process running for 4.022)
2025-11-02T18:37:19.927-03:00  INFO 8332 --- [usuarios] [http-nio-8180-exec-2] o.a.c.c.C.[Tomcat].[localhost].[/]       : Initializing Spring DispatcherServlet 'dispatcherServlet'
2025-11-02T18:37:19.928-03:00  INFO 8332 --- [usuarios] [http-nio-8180-exec-2] o.s.web.servlet.DispatcherServlet        : Initializing Servlet 'dispatcherServlet'
2025-11-02T18:37:19.929-03:00  INFO 8332 --- [usuarios] [http-nio-8180-exec-2] o.s.web.servlet.DispatcherServlet        : Completed initialization in 1 ms
2025-11-02T18:41:30.552-03:00  INFO 8332 --- [usuarios] [SpringApplicationShutdownHook] o.s.b.w.e.tomcat.GracefulShutdown        : Commencing graceful shutdown. Waiting for active requests to complete
2025-11-02T18:41:30.710-03:00  INFO 8332 --- [usuarios] [tomcat-shutdown] o.s.b.w.e.tomcat.GracefulShutdown        : Graceful shutdown complete
2025-11-02T18:41:30.713-03:00  INFO 8332 --- [usuarios] [SpringApplicationShutdownHook] j.LocalContainerEntityManagerFactoryBean : Closing JPA EntityManagerFactory for persistence unit 'default'
2025-11-02T18:41:30.714-03:00  INFO 8332 --- [usuarios] [SpringApplicationShutdownHook] com.zaxxer.hikari.HikariDataSource       : HikariPool-1 - Shutdown initiated...
2025-11-02T18:41:30.720-03:00  INFO 8332 --- [usuarios] [SpringApplicationShutdownHook] com.zaxxer.hikari.HikariDataSource       : HikariPool-1 - Shutdown completed.
